<?xml version="1.0" encoding="UTF-8"?>
<!-- Generated by org.testng.reporters.JUnitReportReporter -->
<testsuite hostname="DESKTOP-BA3ENRQ" failures="0" tests="1" name="testCase.Signin" time="65.065" errors="0" timestamp="2022-05-13T19:26:02 BDT" skipped="0">
  <testcase classname="testCase.Signin" name="SigninPage" time="65.065"/>
  <system-out/>
</testsuite> <!-- testCase.Signin -->
